Propietario propi@gmail.com ha iniciado sesión
Propietario propi@gmail.com ha creado la cerradura casa1
Propietario propi@gmail.com ha iniciado sesión
Propietario propi@gmail.com ha iniciado sesión
Propietario propi@gmail.com ha creado la cerradura casa2
Cliente esther@gmail.com ha iniciado sesión
Propietario propi@gmail.com ha dado permisos en la cerradura casa2 a esther@gmail.com
Propietario propi@gmail.com ha iniciado sesión
Propietario propi@gmail.com ha iniciado sesión
Propietario propi@gmail.com ha checkeado todas sus cerraduras
Propietario propi@gmail.com ha creado la cerradura casa1
Propietario propi@gmail.com ha creado la cerradura casa3
Propietario propi@gmail.com ha creado la cerradura casa1
Propietario propi@gmail.com ha iniciado sesión
Propietario propi@gmail.com ha iniciado sesión
Propietario propi@gmail.com ha creado la cerradura casa
Propietario propi@gmail.com ha creado la cerradura patio
Cliente esther@gmail.com ha iniciado sesión
Propietario propi@gmail.com ha dado permisos en la cerradura casa a esther@gmail.com
Propietario propi@gmail.com ha iniciado sesión
Propietario propi@gmail.com ha creado la cerradura casa1
Propietario propi@gmail.com ha creado la cerradura casa2
Propietario propi@gmail.com ha iniciado sesión
Propietario propi@gmail.com ha creado la cerradura salon
Cliente dummy@gmail.com ha iniciado sesión
Cliente dummy@gmail.com ha iniciado sesión
Propietario propietario@gmail.com ha iniciado sesión
admin@gmail.com ha modificado el correo dummy@gmail.com por pepe@gmail.com
admin@gmail.com ha modificado el rol C por P
Propietario pepe@gmail.com ha iniciado sesión
