Cliente pepe@gmail.com ha iniciado sesión
Propietario fefa@gmail.com ha iniciado sesión
Cliente valido@gmail.com ha iniciado sesión
Cliente pepe@gmail.com ha iniciado sesión
Propietario manolo@gmail.com ha iniciado sesión
Cliente fefa@gmail.com ha iniciado sesión
Cliente pepe@gmail.com ha iniciado sesión
Propietario manolo@gmail.com ha iniciado sesión
Propietario manolo@gmail.com ha iniciado sesión
Propietario manolo@gmail.com ha iniciado sesión
Propietario manolo@gmail.com ha creado la cerradura puertadelantera
Propietario manolo@gmail.com ha creado la cerradura entrada
Propietario manolo@gmail.com ha creado la cerradura patio
Propietario manolo@gmail.com ha iniciado sesión
Cliente pepe@gmail.com ha iniciado sesión
Propietario manolo@gmail.com ha dado permisos en la cerradura entrada a pepe@gmail.com
Propietario manolo@gmail.com ha iniciado sesión
Cliente pepe@gmail.com ha iniciado sesión
Propietario manolo@gmail.com ha iniciado sesión
Propietario manolo@gmail.com ha creado la cerradura casa
Propietario manolo@gmail.com ha creado la cerradura despacho
Cliente pepe@gmail.com ha iniciado sesión
Propietario manolo@gmail.com ha dado permisos en la cerradura despacho a pepe@gmail.com
Cliente pepe@gmail.com ha iniciado sesión
Cliente pepe@gmail.com ha abierto la cerradura despacho
Cliente pepe@gmail.com ha cerrado la cerradura despacho
Propietario manolo@gmail.com ha iniciado sesión
Cliente pepe@gmail.com ha iniciado sesión
Propietario manolo@gmail.com ha dado permisos en la cerradura ERROR a pepe@gmail.com
Propietario manolo@gmail.com ha iniciado sesión
Cliente pepe@gmail.com ha iniciado sesión
Cliente fefa@gmail.com ha iniciado sesión
Propietario manolo@gmail.com ha iniciado sesión
Propietario manolo@gmail.com ha creado la cerradura casa
Propietario manolo@gmail.com ha creado la cerradura despacho
Cliente pepe@gmail.com ha iniciado sesión
Propietario manolo@gmail.com ha dado permisos en la cerradura casa a pepe@gmail.com
Cliente fefa@gmail.com ha iniciado sesión
Propietario manolo@gmail.com ha dado permisos en la cerradura despacho a fefa@gmail.com
Propietario manolo@gmail.com ha checkeado todas sus cerraduras
Cliente pepe@gmail.com ha iniciado sesión
Cliente pepe@gmail.com ha checkeado todas sus cerraduras
Propietario manolo@gmail.com ha iniciado sesión
Cliente pepe@gmail.com ha iniciado sesión
Propietario manolo@gmail.com ha iniciado sesión
Propietario manolo@gmail.com ha creado la cerradura casa
Propietario manolo@gmail.com ha creado la cerradura despacho
Cliente fefa@gmail.com ha iniciado sesión
Propietario manolo@gmail.com ha iniciado sesión
Propietario manolo@gmail.com ha iniciado sesión
Cliente pepe@gmail.com ha iniciado sesión
Propietario manolo@gmail.com ha iniciado sesión
Propietario manolo@gmail.com ha creado la cerradura puerta
Propietario manolo@gmail.com ha creado la cerradura casa
Cliente pepe@gmail.com ha iniciado sesión
Propietario manolo@gmail.com ha dado permisos en la cerradura puerta a pepe@gmail.com
Propietario manolo@gmail.com ha iniciado sesión
Propietario manolo@gmail.com ha iniciado sesión
Propietario manolo@gmail.com ha creado la cerradura patio
Propietario manolo@gmail.com ha creado la cerradura entrada
Propietario manolo@gmail.com ha creado la cerradura salon
Cliente pepe@gmail.com ha iniciado sesión
Propietario manolo@gmail.com ha iniciado sesión
Cliente pepe@gmail.com ha iniciado sesión
Propietario manolo@gmail.com ha iniciado sesión
Propietario manolo@gmail.com ha creado la cerradura entrada
Propietario manolo@gmail.com ha creado la cerradura patio
Propietario manolo@gmail.com ha creado la cerradura salon
Cliente pepe@gmail.com ha iniciado sesión
Propietario manolo@gmail.com ha dado permisos en la cerradura entrada a pepe@gmail.com
Cliente pepe@gmail.com ha iniciado sesión
Propietario manolo@gmail.com ha dado permisos en la cerradura patio a pepe@gmail.com
Cliente pepe@gmail.com ha iniciado sesión
Cliente pepe@gmail.com ha checkeado todas sus cerraduras
Cliente pepe@gmail.com ha iniciado sesión
Cliente pepe@gmail.com ha checkeado todas sus cerraduras
Cliente pepe@gmail.com ha iniciado sesión
Cliente pepe@gmail.com ha checkeado todas sus cerraduras
Cliente pepe@gmail.com ha abierto la cerradura entrada
Cliente pepe@gmail.com ha checkeado todas sus cerraduras
Cliente esther@gmail.com ha iniciado sesión
Cliente esther@gmail.com ha checkeado todas sus cerraduras
Cliente pepe@gmail.com ha iniciado sesión
Cliente pepe@gmail.com ha checkeado todas sus cerraduras
Cliente pepe@gmail.com ha cerrado la cerradura entrada
Cliente pepe@gmail.com ha abierto la cerradura entrada
Propietario manolo@gmail.com ha iniciado sesión
Propietario manolo@gmail.com ha checkeado todas sus cerraduras
Propietario manolo@gmail.com ha creado la cerradura nueva
admin ha modificado el correo pepe@gmail.com por pepe@hotmail.com
admin ha modificado el rol C por P
admin ha modificado el correo pepe@gmail.com por pepito@hotmail.com
Propietario pepito@hotmail.com ha iniciado sesión
admin ha modificado la contraseña manolo por 12345
Cliente paco@gmail.com ha iniciado sesión
Cliente paco@gmail.com ha intentado abrir la cerradura a
Propietario pepe@gmail.com ha iniciado sesión
Cliente manolo@gmail.com ha iniciado sesión
admin ha modificado el correo paco@gmail.com por fulanito@hotmail.com
admin ha modificado la contraseña pepe por 1234
admin ha modificado el rol C por P
Cliente fulanito@hotmail.com ha iniciado sesión
Propietario manolo@gmail.com ha iniciado sesión
Propietario pepe@gmail.com ha iniciado sesión
Propietario pepe@gmail.com ha creado la cerradura casa
Propietario pepe@gmail.com ha creado la cerradura patio
Propietario pepe@gmail.com ha creado la cerradura salon
Propietario pepe@gmail.com ha iniciado sesión
Cliente manolo@gmail.com ha iniciado sesión
Propietario pepe@gmail.com ha dado permisos en la cerradura casa a manolo@gmail.com
Cliente nuevo@gmail.com ha iniciado sesión
Propietario pepe@gmail.com ha iniciado sesión
Cliente nuevo@gmail.com ha iniciado sesión
Propietario pepe@gmail.com ha dado permisos en la cerradura casa a nuevo@gmail.com
Propietario pepe@gmail.com ha checkeado todas sus cerraduras
Cliente nuevo@gmail.com ha iniciado sesión
Cliente nuevo@gmail.com ha checkeado todas sus cerraduras
Cliente nuevo@gmail.com ha cerrado la cerradura casa
Cliente nuevo@gmail.com ha checkeado todas sus cerraduras
Cliente nuevo@gmail.com ha intentado cerrar la cerradura salon
admin ha modificado la contraseña paco por 1234
admin ha modificado el correo fulanito@hotmail.com por viejo@gmail.com
Propietario prop ha iniciado sesión
